2024-09-07 07:55:24,993 [INFO] Activator:176 - 


2024-09-07 07:55:25,001 [INFO] Activator:177 - !SESSION log4j initialized
2024-09-07 07:55:32,480 [INFO] LogOutputStream:77 - [STDOUT_REDIRECT] 
2024-09-07 07:55:34,632 [INFO] ApplicationProperties:184 - Using Application install path: C:\ST\STM32CubeIDE_1.15.1\STM32CubeIDE\plugins\com.st.stm32cube.common.mx_6.12.0.202406281431
2024-09-07 07:55:34,674 [INFO] DbMcusXml:78 - Set database path to: C:\ST\STM32CubeIDE_1.15.1\STM32CubeIDE\plugins\com.st.stm32cube.common.mx_6.12.0.202406281431\\db\/mcu/
2024-09-07 07:55:34,675 [INFO] ApiDb:274 - Set plugin database path to: C:\ST\STM32CubeIDE_1.15.1\STM32CubeIDE\plugins\com.st.stm32cube.common.mx_6.12.0.202406281431\\db\/plugins/boardmanager/
2024-09-07 07:55:34,689 [WARN] ApiDb:259 - Overriding images path with different value:  => C:\ST\STM32CubeIDE_1.15.1\STM32CubeIDE\plugins\com.st.stm32cube.common.mx_6.12.0.202406281431\\db\/plugins/mcufinder/images/
2024-09-07 07:55:34,700 [INFO] ApiDb:250 - Set database path to: C:\Users\ohori\.stmcufinder\plugins\mcufinder//mcu/
2024-09-07 07:55:34,704 [INFO] DbMcusAds:125 - Set database path to: C:\Users\ohori\.stmcufinder\plugins\mcufinder//mcu/
2024-09-07 07:55:34,710 [INFO] CrossReferenceDbSqlite:203 - Set database path to: C:\Users\ohori\.stmcufinder\plugins\mcufinder//mcu/cs/
2024-09-07 07:55:34,906 [INFO] RulesReader:64 - Compatibility file has been processed (297 Rules)
2024-09-07 07:55:35,085 [INFO] DbMcusXml:78 - Set database path to: C:\ST\STM32CubeIDE_1.15.1\STM32CubeIDE\plugins\com.st.stm32cube.common.mx_6.12.0.202406281431\\db\/mcu/
2024-09-07 07:55:35,085 [INFO] ApiDb:274 - Set plugin database path to: C:\ST\STM32CubeIDE_1.15.1\STM32CubeIDE\plugins\com.st.stm32cube.common.mx_6.12.0.202406281431\\db\/plugins/boardmanager/
2024-09-07 07:55:35,085 [INFO] ApiDb:261 - Set plugin images path to: C:\ST\STM32CubeIDE_1.15.1\STM32CubeIDE\plugins\com.st.stm32cube.common.mx_6.12.0.202406281431\\db\/plugins/mcufinder/images/
2024-09-07 07:55:35,086 [WARN] DbFile:41 - Overriding database path with different value: C:\Users\ohori\.stmcufinder\plugins\mcufinder/ => C:\Users\ohori\.stmcufinder\plugins\mcufinder
2024-09-07 07:55:35,086 [INFO] ApiDb:250 - Set database path to: C:\Users\ohori\.stmcufinder\plugins\mcufinder//mcu/
2024-09-07 07:55:35,086 [WARN] DbFile:41 - Overriding database path with different value: C:\Users\ohori\.stmcufinder\plugins\mcufinder/ => C:\Users\ohori\.stmcufinder\plugins\mcufinder
2024-09-07 07:55:35,086 [INFO] DbMcusAds:125 - Set database path to: C:\Users\ohori\.stmcufinder\plugins\mcufinder//mcu/
2024-09-07 07:55:35,086 [WARN] DbFile:41 - Overriding database path with different value: C:\Users\ohori\.stmcufinder\plugins\mcufinder/ => C:\Users\ohori\.stmcufinder\plugins\mcufinder
2024-09-07 07:55:35,087 [WARN] DbFile:41 - Overriding database path with different value: C:\Users\ohori\.stmcufinder\plugins\mcufinder/ => C:\Users\ohori\.stmcufinder\plugins\mcufinder
2024-09-07 07:55:35,087 [INFO] CrossReferenceDbSqlite:203 - Set database path to: C:\Users\ohori\.stmcufinder\plugins\mcufinder//mcu/cs/
2024-09-07 07:55:35,215 [INFO] MainPanel:268 - HeapMemory: 268435456
2024-09-07 07:55:35,345 [INFO] DbMcusXml:78 - Set database path to: C:\ST\STM32CubeIDE_1.15.1\STM32CubeIDE\plugins\com.st.stm32cube.common.mx_6.12.0.202406281431\\db\/mcu/
2024-09-07 07:55:35,346 [INFO] ApiDb:274 - Set plugin database path to: C:\ST\STM32CubeIDE_1.15.1\STM32CubeIDE\plugins\com.st.stm32cube.common.mx_6.12.0.202406281431\\db\/plugins/boardmanager/
2024-09-07 07:55:35,349 [INFO] ApiDb:261 - Set plugin images path to: C:\ST\STM32CubeIDE_1.15.1\STM32CubeIDE\plugins\com.st.stm32cube.common.mx_6.12.0.202406281431\\db\/plugins/mcufinder/images/
2024-09-07 07:55:35,351 [WARN] DbFile:41 - Overriding database path with different value: C:\Users\ohori\.stmcufinder\plugins\mcufinder/ => C:\Users\ohori\.stmcufinder\plugins\mcufinder
2024-09-07 07:55:35,351 [INFO] ApiDb:250 - Set database path to: C:\Users\ohori\.stmcufinder\plugins\mcufinder//mcu/
2024-09-07 07:55:35,352 [WARN] DbFile:41 - Overriding database path with different value: C:\Users\ohori\.stmcufinder\plugins\mcufinder/ => C:\Users\ohori\.stmcufinder\plugins\mcufinder
2024-09-07 07:55:35,361 [INFO] DbMcusAds:125 - Set database path to: C:\Users\ohori\.stmcufinder\plugins\mcufinder//mcu/
2024-09-07 07:55:35,361 [WARN] DbFile:41 - Overriding database path with different value: C:\Users\ohori\.stmcufinder\plugins\mcufinder/ => C:\Users\ohori\.stmcufinder\plugins\mcufinder
2024-09-07 07:55:35,362 [WARN] DbFile:41 - Overriding database path with different value: C:\Users\ohori\.stmcufinder\plugins\mcufinder/ => C:\Users\ohori\.stmcufinder\plugins\mcufinder
2024-09-07 07:55:35,362 [INFO] CrossReferenceDbSqlite:203 - Set database path to: C:\Users\ohori\.stmcufinder\plugins\mcufinder//mcu/cs/
2024-09-07 07:55:35,390 [INFO] ApplicationProperties:184 - Using Application install path: C:\ST\STM32CubeIDE_1.15.1\STM32CubeIDE\plugins\com.st.stm32cube.common.mx_6.12.0.202406281431
2024-09-07 07:55:35,392 [INFO] PluginManage:196 - Search for loadable plugins [exclusion list=, ]
2024-09-07 07:55:35,394 [INFO] PluginManage:310 - Check plugin analytics
2024-09-07 07:55:35,738 [INFO] AnalyticsPlugin:253 - Accepted Software Licenses: 
2024-09-07 07:55:35,739 [INFO] AnalyticsPlugin:255 - Accepted CMSIS Pack Licenses: 
2024-09-07 07:55:35,740 [INFO] AnalyticsPlugin:257 - Accepted Firmware Licenses: FW.F7.1.17.0,FW.F4.1.28.0
2024-09-07 07:55:35,749 [INFO] PluginManage:359 - Loaded plugin analytics (category:tool,tabindex:-1)
2024-09-07 07:55:35,749 [INFO] PluginManage:310 - Check plugin cadmodel
2024-09-07 07:55:35,761 [INFO] CADModel:105 - Init CAD model plugin
2024-09-07 07:55:35,762 [INFO] PluginManage:359 - Loaded plugin cadmodel (category:power,tabindex:5)
2024-09-07 07:55:35,763 [INFO] PluginManage:310 - Check plugin clock
2024-09-07 07:55:35,786 [INFO] PluginManage:359 - Loaded plugin clock (category:base,tabindex:2)
2024-09-07 07:55:35,787 [INFO] PluginManage:310 - Check plugin ddr
2024-09-07 07:55:35,793 [INFO] PluginManage:359 - Loaded plugin ddr (category:tool,tabindex:6)
2024-09-07 07:55:35,794 [INFO] PluginManage:310 - Check plugin filemanager
2024-09-07 07:55:36,056 [INFO] PluginManage:359 - Loaded plugin filemanager (category:base,tabindex:10)
2024-09-07 07:55:36,056 [INFO] PluginManage:310 - Check plugin ipmanager
2024-09-07 07:55:36,067 [INFO] PluginManage:359 - Loaded plugin ipmanager (category:base,tabindex:5)
2024-09-07 07:55:36,067 [INFO] PluginManage:310 - Check plugin lpbam
2024-09-07 07:55:36,081 [INFO] PluginManage:359 - Loaded plugin lpbam (category:base,tabindex:0)
2024-09-07 07:55:36,082 [INFO] PluginManage:310 - Check plugin memorymap
2024-09-07 07:55:36,099 [INFO] PluginManage:359 - Loaded plugin memorymap (category:base,tabindex:4)
2024-09-07 07:55:36,099 [INFO] PluginManage:310 - Check plugin pinoutandconfiguration
2024-09-07 07:55:36,112 [INFO] PluginManage:359 - Loaded plugin pinoutandconfiguration (category:base,tabindex:1)
2024-09-07 07:55:36,112 [INFO] PluginManage:310 - Check plugin pinoutconfig
2024-09-07 07:55:36,268 [WARN] SupportedApi:132 - Cannot load RTOS API schema: s4s-elt-must-match.1: The content of 'definitions' must match (annotation?, (simpleType | complexType)?, (unique | key | keyref)*)). A problem was found starting at: attribute.
2024-09-07 07:55:36,460 [INFO] PluginManage:359 - Loaded plugin pinoutconfig (category:base,tabindex:0)
2024-09-07 07:55:36,460 [INFO] PluginManage:310 - Check plugin power
2024-09-07 07:55:36,475 [INFO] PluginManage:359 - Loaded plugin power (category:power,tabindex:4)
2024-09-07 07:55:36,475 [INFO] PluginManage:310 - Check plugin projectmanager
2024-09-07 07:55:36,503 [INFO] PluginManage:359 - Loaded plugin projectmanager (category:projectmanager,tabindex:4)
2024-09-07 07:55:36,503 [INFO] PluginManage:310 - Check plugin rif
2024-09-07 07:55:36,512 [INFO] PluginManage:359 - Loaded plugin rif (category:base,tabindex:3)
2024-09-07 07:55:36,512 [INFO] PluginManage:310 - Check plugin thirdparty
2024-09-07 07:55:36,741 [INFO] PluginManage:359 - Loaded plugin thirdparty (category:base,tabindex:-1)
2024-09-07 07:55:36,741 [INFO] PluginManage:310 - Check plugin tools
2024-09-07 07:55:36,741 [WARN] IntegrityCheckThread:84 - waiting for thirdparty lock release [integrity check]
2024-09-07 07:55:36,742 [INFO] IntegrityCheckThread:86 - entering critical section [integrity check]
2024-09-07 07:55:36,743 [INFO] ThirdPartyUpdaterWithRetryManager:70 - Updater plugin not ready yet. [1/15]
2024-09-07 07:55:36,746 [INFO] PluginManage:359 - Loaded plugin tools (category:base,tabindex:7)
2024-09-07 07:55:36,746 [INFO] PluginManage:310 - Check plugin tutovideos
2024-09-07 07:55:37,022 [INFO] PluginManage:359 - Loaded plugin tutovideos (category:base,tabindex:-1)
2024-09-07 07:55:37,023 [INFO] PluginManage:310 - Check plugin updater
2024-09-07 07:55:37,047 [INFO] PluginManage:359 - Loaded plugin updater (category:base,tabindex:12)
2024-09-07 07:55:37,047 [INFO] PluginManage:310 - Check plugin userauth
2024-09-07 07:55:37,057 [INFO] UserAuth:113 - Init User Auth plugin
2024-09-07 07:55:37,057 [INFO] PluginManage:359 - Loaded plugin userauth (category:base,tabindex:14)
2024-09-07 07:55:37,058 [INFO] PluginManage:283 - PluginManage : Loaded plugins [18]
2024-09-07 07:55:37,336 [INFO] PinOutPanel:1561 - setPackage(No Configuration,No Configuration)
2024-09-07 07:55:37,503 [INFO] CADModel:165 - CPN selected for project level
2024-09-07 07:55:37,503 [INFO] CADModel:114 - Register for checkConnection events
2024-09-07 07:55:37,524 [INFO] IPUIPlugin:80 - create IPUIPlugin
2024-09-07 07:55:37,524 [INFO] PluginManager:220 - loadIPPluginJar : add adc
2024-09-07 07:55:37,527 [INFO] IPUIPlugin:80 - create IPUIPlugin
2024-09-07 07:55:37,527 [INFO] PluginManager:220 - loadIPPluginJar : add aes
2024-09-07 07:55:37,530 [INFO] IPUIPlugin:80 - create IPUIPlugin
2024-09-07 07:55:37,530 [INFO] PluginManager:220 - loadIPPluginJar : add can
2024-09-07 07:55:37,532 [INFO] IPUIPlugin:80 - create IPUIPlugin
2024-09-07 07:55:37,533 [INFO] PluginManager:220 - loadIPPluginJar : add comp
2024-09-07 07:55:37,536 [INFO] IPUIPlugin:80 - create IPUIPlugin
2024-09-07 07:55:37,536 [INFO] PluginManager:220 - loadIPPluginJar : add cryp
2024-09-07 07:55:37,539 [INFO] IPUIPlugin:80 - create IPUIPlugin
2024-09-07 07:55:37,540 [INFO] PluginManager:220 - loadIPPluginJar : add ddr_ctrl_phy
2024-09-07 07:55:37,543 [INFO] IPUIPlugin:80 - create IPUIPlugin
2024-09-07 07:55:37,543 [INFO] PluginManager:220 - loadIPPluginJar : add dfsdm
2024-09-07 07:55:37,552 [INFO] IPUIPlugin:80 - create IPUIPlugin
2024-09-07 07:55:37,553 [INFO] PluginManager:220 - loadIPPluginJar : add dma
2024-09-07 07:55:37,556 [INFO] IPUIPlugin:80 - create IPUIPlugin
2024-09-07 07:55:37,557 [INFO] PluginManager:220 - loadIPPluginJar : add dma3
2024-09-07 07:55:37,561 [INFO] IPUIPlugin:80 - create IPUIPlugin
2024-09-07 07:55:37,561 [INFO] PluginManager:220 - loadIPPluginJar : add extmemmanager
2024-09-07 07:55:37,563 [INFO] IPUIPlugin:80 - create IPUIPlugin
2024-09-07 07:55:37,563 [INFO] PluginManager:220 - loadIPPluginJar : add fatfs
2024-09-07 07:55:37,570 [INFO] IPUIPlugin:80 - create IPUIPlugin
2024-09-07 07:55:37,571 [INFO] PluginManager:220 - loadIPPluginJar : add fmc
2024-09-07 07:55:37,578 [INFO] IPUIPlugin:80 - create IPUIPlugin
2024-09-07 07:55:37,579 [INFO] PluginManager:220 - loadIPPluginJar : add freertos
2024-09-07 07:55:37,581 [INFO] IPUIPlugin:80 - create IPUIPlugin
2024-09-07 07:55:37,581 [INFO] PluginManager:220 - loadIPPluginJar : add genericplugin
2024-09-07 07:55:37,584 [INFO] IPUIPlugin:80 - create IPUIPlugin
2024-09-07 07:55:37,585 [INFO] PluginManager:220 - loadIPPluginJar : add gfxmmu
2024-09-07 07:55:37,592 [INFO] IPUIPlugin:80 - create IPUIPlugin
2024-09-07 07:55:37,593 [INFO] PluginManager:220 - loadIPPluginJar : add gic
2024-09-07 07:55:37,599 [INFO] IPUIPlugin:80 - create IPUIPlugin
2024-09-07 07:55:37,599 [INFO] PluginManager:220 - loadIPPluginJar : add gpio
2024-09-07 07:55:37,603 [INFO] IPUIPlugin:80 - create IPUIPlugin
2024-09-07 07:55:37,603 [INFO] PluginManager:220 - loadIPPluginJar : add gtzc
2024-09-07 07:55:37,606 [INFO] IPUIPlugin:80 - create IPUIPlugin
2024-09-07 07:55:37,607 [INFO] PluginManager:220 - loadIPPluginJar : add hash
2024-09-07 07:55:37,610 [INFO] IPUIPlugin:80 - create IPUIPlugin
2024-09-07 07:55:37,610 [INFO] PluginManager:220 - loadIPPluginJar : add i2c
2024-09-07 07:55:37,614 [INFO] IPUIPlugin:80 - create IPUIPlugin
2024-09-07 07:55:37,614 [INFO] PluginManager:220 - loadIPPluginJar : add i2s
2024-09-07 07:55:37,618 [INFO] IPUIPlugin:80 - create IPUIPlugin
2024-09-07 07:55:37,618 [INFO] PluginManager:220 - loadIPPluginJar : add i3c
2024-09-07 07:55:37,623 [INFO] IPUIPlugin:80 - create IPUIPlugin
2024-09-07 07:55:37,623 [INFO] PluginManager:220 - loadIPPluginJar : add ipddr
2024-09-07 07:55:37,633 [INFO] IPUIPlugin:80 - create IPUIPlugin
2024-09-07 07:55:37,633 [INFO] PluginManager:220 - loadIPPluginJar : add linkedlist
2024-09-07 07:55:37,637 [INFO] IPUIPlugin:80 - create IPUIPlugin
2024-09-07 07:55:37,637 [INFO] PluginManager:220 - loadIPPluginJar : add lorawan
2024-09-07 07:55:37,639 [INFO] IPUIPlugin:80 - create IPUIPlugin
2024-09-07 07:55:37,639 [INFO] PluginManager:220 - loadIPPluginJar : add ltdc
2024-09-07 07:55:37,647 [INFO] IPUIPlugin:80 - create IPUIPlugin
2024-09-07 07:55:37,648 [INFO] PluginManager:220 - loadIPPluginJar : add mdma
2024-09-07 07:55:37,652 [INFO] IPUIPlugin:80 - create IPUIPlugin
2024-09-07 07:55:37,653 [INFO] PluginManager:220 - loadIPPluginJar : add nvic
2024-09-07 07:55:37,658 [INFO] IPUIPlugin:80 - create IPUIPlugin
2024-09-07 07:55:37,658 [INFO] PluginManager:220 - loadIPPluginJar : add opamp
2024-09-07 07:55:37,663 [INFO] IPUIPlugin:80 - create IPUIPlugin
2024-09-07 07:55:37,663 [INFO] PluginManager:220 - loadIPPluginJar : add openamp
2024-09-07 07:55:37,667 [INFO] IPUIPlugin:80 - create IPUIPlugin
2024-09-07 07:55:37,668 [INFO] PluginManager:220 - loadIPPluginJar : add pdm2pcm
2024-09-07 07:55:37,679 [INFO] IPUIPlugin:80 - create IPUIPlugin
2024-09-07 07:55:37,683 [INFO] PluginManager:220 - loadIPPluginJar : add plateformsettings
2024-09-07 07:55:37,686 [INFO] IPUIPlugin:80 - create IPUIPlugin
2024-09-07 07:55:37,686 [INFO] PluginManager:220 - loadIPPluginJar : add quadspi
2024-09-07 07:55:37,689 [INFO] IPUIPlugin:80 - create IPUIPlugin
2024-09-07 07:55:37,691 [INFO] PluginManager:220 - loadIPPluginJar : add radio
2024-09-07 07:55:37,696 [INFO] IPUIPlugin:80 - create IPUIPlugin
2024-09-07 07:55:37,696 [INFO] PluginManager:220 - loadIPPluginJar : add resmgrutility
2024-09-07 07:55:37,701 [INFO] IPUIPlugin:80 - create IPUIPlugin
2024-09-07 07:55:37,701 [INFO] PluginManager:220 - loadIPPluginJar : add sai
2024-09-07 07:55:37,705 [INFO] IPUIPlugin:80 - create IPUIPlugin
2024-09-07 07:55:37,705 [INFO] PluginManager:220 - loadIPPluginJar : add spi
2024-09-07 07:55:37,714 [INFO] IPUIPlugin:80 - create IPUIPlugin
2024-09-07 07:55:37,714 [INFO] PluginManager:220 - loadIPPluginJar : add stm32_wpan
2024-09-07 07:55:37,717 [INFO] IPUIPlugin:80 - create IPUIPlugin
2024-09-07 07:55:37,717 [INFO] PluginManager:220 - loadIPPluginJar : add tim
2024-09-07 07:55:37,722 [INFO] IPUIPlugin:80 - create IPUIPlugin
2024-09-07 07:55:37,722 [INFO] PluginManager:220 - loadIPPluginJar : add touchsensing
2024-09-07 07:55:37,725 [INFO] IPUIPlugin:80 - create IPUIPlugin
2024-09-07 07:55:37,726 [INFO] PluginManager:220 - loadIPPluginJar : add tracer_emb
2024-09-07 07:55:37,728 [INFO] IPUIPlugin:80 - create IPUIPlugin
2024-09-07 07:55:37,728 [INFO] PluginManager:220 - loadIPPluginJar : add ts
2024-09-07 07:55:37,730 [INFO] IPUIPlugin:80 - create IPUIPlugin
2024-09-07 07:55:37,730 [INFO] PluginManager:220 - loadIPPluginJar : add tsc
2024-09-07 07:55:37,732 [INFO] IPUIPlugin:80 - create IPUIPlugin
2024-09-07 07:55:37,732 [INFO] PluginManager:220 - loadIPPluginJar : add ucpd
2024-09-07 07:55:37,735 [INFO] IPUIPlugin:80 - create IPUIPlugin
2024-09-07 07:55:37,736 [INFO] PluginManager:220 - loadIPPluginJar : add usart
2024-09-07 07:55:37,739 [INFO] IPUIPlugin:80 - create IPUIPlugin
2024-09-07 07:55:37,739 [INFO] PluginManager:220 - loadIPPluginJar : add usbx
2024-09-07 07:55:37,902 [INFO] CADModel:165 - CPN selected for project level
2024-09-07 07:55:37,902 [INFO] CADModel:114 - Register for checkConnection events
2024-09-07 07:55:37,903 [FATAL] Updater:334 - Updater called before beeing initialized
2024-09-07 07:55:37,903 [ERROR] CADModel:125 - Updater not yet initialized, retry later 
2024-09-07 07:55:38,130 [INFO] CADModel:165 - CPN selected for project level
2024-09-07 07:55:38,130 [INFO] CADModel:114 - Register for checkConnection events
2024-09-07 07:55:38,130 [FATAL] Updater:334 - Updater called before beeing initialized
2024-09-07 07:55:38,130 [ERROR] CADModel:125 - Updater not yet initialized, retry later 
2024-09-07 07:55:38,136 [FATAL] Updater:334 - Updater called before beeing initialized
2024-09-07 07:55:38,341 [FATAL] Updater:334 - Updater called before beeing initialized
2024-09-07 07:55:38,348 [INFO] DbMcusAds:53 - JSON generation date=Thu May 16 18:22:00 JST 2024 (1715851320667)
2024-09-07 07:55:38,349 [FATAL] Updater:334 - Updater called before beeing initialized
2024-09-07 07:55:38,397 [WARN] DetailPanel:346 - Failed to get advertising image, set to default
2024-09-07 07:55:38,542 [FATAL] Updater:334 - Updater called before beeing initialized
2024-09-07 07:55:38,546 [FATAL] Updater:334 - Updater called before beeing initialized
2024-09-07 07:55:38,546 [FATAL] Updater:334 - Updater called before beeing initialized
2024-09-07 07:55:38,547 [WARN] DetailPanel:346 - Failed to get advertising image, set to default
2024-09-07 07:55:38,548 [FATAL] Updater:334 - Updater called before beeing initialized
2024-09-07 07:55:38,667 [ERROR] Updater:1164 - MainUpdater not yet initialized. External WinMGr cannot be set.
2024-09-07 07:55:38,671 [INFO] Updater:1100 - Updater Version found : 6.12.0
2024-09-07 07:55:38,710 [INFO] ApplicationProperties:184 - Using Application install path: C:\ST\STM32CubeIDE_1.15.1\STM32CubeIDE\plugins\com.st.stm32cube.common.mx_6.12.0.202406281431
2024-09-07 07:55:39,118 [INFO] MainUpdater:2873 - connection check result : 22
2024-09-07 07:55:39,119 [INFO] MainUpdater:290 - Updater Check For Update Now.
2024-09-07 07:55:39,120 [INFO] MicroXplorer:498 - Change Database Version : DB.6.0.120
2024-09-07 07:55:39,138 [INFO] McuFinderGlobals:63 - Set McuFinder mode to 2 (CubeIDE integrated)
2024-09-07 07:55:39,139 [INFO] UserAuth:417 - Internet connection configuration mode: 2
2024-09-07 07:55:39,155 [INFO] UserAuth:417 - Internet connection configuration mode: 2
2024-09-07 07:55:39,359 [INFO] CheckServerUpdateThread:120 - End of CheckServer Thread
2024-09-07 07:55:39,977 [WARN] PackLoader:240 - Cannot read IP mode file for STMicroelectronics.FP-SNS-MOTENVWB1.1.4.0
2024-09-07 07:55:39,996 [WARN] PackLoader:240 - Cannot read IP mode file for STMicroelectronics.X-CUBE-SMBUS.2.1.0
2024-09-07 07:55:40,014 [WARN] PackLoader:240 - Cannot read IP mode file for STMicroelectronics.X-CUBE-TOUCHGFX.4.23.2
2024-09-07 07:55:40,066 [WARN] PackLoader:240 - Cannot read IP mode file for STMicroelectronics.X-CUBE-AZRTOS-F7.1.1.0
2024-09-07 07:55:40,200 [WARN] PackLoader:240 - Cannot read IP mode file for STMicroelectronics.X-CUBE-MEMS1.11.0.0
2024-09-07 07:55:40,406 [WARN] PackLoader:240 - Cannot read IP mode file for STMicroelectronics.FP-SNS-FLIGHT1.5.0.2
2024-09-07 07:55:40,418 [WARN] PackLoader:240 - Cannot read IP mode file for STMicroelectronics.X-CUBE-DISPLAY.3.0.0
2024-09-07 07:55:40,434 [WARN] PackLoader:240 - Cannot read IP mode file for STMicroelectronics.X-CUBE-BLE1.7.0.0
2024-09-07 07:55:40,443 [WARN] PackLoader:240 - Cannot read IP mode file for emotas.I-CUBE-CANOPEN.1.3.0
2024-09-07 07:55:40,457 [WARN] PackLoader:240 - Cannot read IP mode file for STMicroelectronics.X-CUBE-BLEMGR.3.1.0
2024-09-07 07:55:40,468 [WARN] PackLoader:240 - Cannot read IP mode file for STMicroelectronics.FP-SNS-SMARTAG2.1.2.0
2024-09-07 07:55:40,479 [INFO] LogOutputStream:77 - [STDOUT_REDIRECT] 1 : Invalid condition id : UX_CORESTACK_Condition cause : null
2024-09-07 07:55:40,480 [INFO] LogOutputStream:77 - [STDOUT_REDIRECT] 1 : Invalid condition id : UX_CORESTACK_Condition cause : null
2024-09-07 07:55:40,483 [INFO] LogOutputStream:77 - [STDOUT_REDIRECT] 1 : Invalid condition id : UX_CORESTACK_Condition cause : null
2024-09-07 07:55:40,485 [INFO] LogOutputStream:77 - [STDOUT_REDIRECT] 1 : Invalid condition id : UX_CORESTACK_Condition cause : null
2024-09-07 07:55:40,488 [INFO] LogOutputStream:77 - [STDOUT_REDIRECT] 1 : Invalid condition id : UX_CORESTACK_Condition cause : null
2024-09-07 07:55:40,491 [WARN] PackLoader:240 - Cannot read IP mode file for STMicroelectronics.X-CUBE-AZRTOS-WL.2.0.0
2024-09-07 07:55:40,497 [WARN] PackLoader:240 - Cannot read IP mode file for STMicroelectronics.FP-SNS-MOTENV1.5.0.0
2024-09-07 07:55:40,503 [WARN] PackLoader:240 - Cannot read IP mode file for wolfSSL.I-CUBE-wolfMQTT.1.19.0
2024-09-07 07:55:40,513 [WARN] PackLoader:240 - Cannot read IP mode file for WES.I-CUBE-Cesium.1.3.0
2024-09-07 07:55:40,519 [WARN] PackLoader:240 - Cannot read IP mode file for STMicroelectronics.X-CUBE-BLE2.3.3.0
2024-09-07 07:55:40,526 [WARN] PackLoader:240 - Cannot read IP mode file for STMicroelectronics.X-CUBE-TCPP.4.1.0
2024-09-07 07:55:40,533 [WARN] PackLoader:240 - Cannot read IP mode file for STMicroelectronics.X-CUBE-ALGOBUILD.1.3.0
2024-09-07 07:55:40,548 [WARN] PackLoader:240 - Cannot read IP mode file for STMicroelectronics.X-CUBE-AZRTOS-G0.1.1.0
2024-09-07 07:55:40,557 [WARN] PackLoader:240 - Cannot read IP mode file for STMicroelectronics.X-CUBE-SAFEA1.1.2.2
2024-09-07 07:55:40,585 [WARN] PackLoader:240 - Cannot read IP mode file for STMicroelectronics.X-CUBE-NFC4.3.0.0
2024-09-07 07:55:40,602 [WARN] PackLoader:240 - Cannot read IP mode file for EmbeddedOffice.I-CUBE-FS-RTOS.1.0.1
2024-09-07 07:55:40,603 [ERROR] ConditionMgr:805 - Attr not supported : Dmpu
2024-09-07 07:55:40,603 [ERROR] ConditionMgr:805 - Attr not supported : Dmpu
2024-09-07 07:55:40,603 [ERROR] ConditionMgr:805 - Attr not supported : Dmpu
2024-09-07 07:55:40,604 [ERROR] ConditionMgr:805 - Attr not supported : Dmpu
2024-09-07 07:55:40,604 [ERROR] ConditionMgr:805 - Attr not supported : Dmpu
2024-09-07 07:55:40,604 [ERROR] ConditionMgr:805 - Attr not supported : Dmpu
2024-09-07 07:55:40,604 [ERROR] ConditionMgr:805 - Attr not supported : Dmpu
2024-09-07 07:55:40,604 [ERROR] ConditionMgr:805 - Attr not supported : Dmpu
2024-09-07 07:55:40,604 [ERROR] ConditionMgr:805 - Attr not supported : Dmpu
2024-09-07 07:55:40,604 [ERROR] ConditionMgr:805 - Attr not supported : Dmpu
2024-09-07 07:55:40,604 [ERROR] ConditionMgr:805 - Attr not supported : Dmpu
2024-09-07 07:55:40,605 [ERROR] ConditionMgr:805 - Attr not supported : Dmpu
2024-09-07 07:55:40,605 [ERROR] ConditionMgr:805 - Attr not supported : Dmpu
2024-09-07 07:55:40,605 [ERROR] ConditionMgr:805 - Attr not supported : Dmpu
2024-09-07 07:55:40,605 [ERROR] ConditionMgr:805 - Attr not supported : Dmpu
2024-09-07 07:55:40,605 [ERROR] ConditionMgr:805 - Attr not supported : Dmpu
2024-09-07 07:55:40,605 [ERROR] ConditionMgr:805 - Attr not supported : Dmpu
2024-09-07 07:55:40,606 [ERROR] ConditionMgr:805 - Attr not supported : Dmpu
2024-09-07 07:55:40,606 [ERROR] ConditionMgr:805 - Attr not supported : Dmpu
2024-09-07 07:55:40,606 [ERROR] ConditionMgr:805 - Attr not supported : Dmpu
2024-09-07 07:55:40,606 [ERROR] ConditionMgr:805 - Attr not supported : Dmpu
2024-09-07 07:55:40,606 [ERROR] ConditionMgr:805 - Attr not supported : Dmpu
2024-09-07 07:55:40,606 [ERROR] ConditionMgr:805 - Attr not supported : Dmpu
2024-09-07 07:55:40,606 [ERROR] ConditionMgr:805 - Attr not supported : Dmpu
2024-09-07 07:55:40,607 [ERROR] ConditionMgr:805 - Attr not supported : Dmpu
2024-09-07 07:55:40,607 [ERROR] ConditionMgr:805 - Attr not supported : Dmpu
2024-09-07 07:55:40,607 [ERROR] ConditionMgr:805 - Attr not supported : Dmpu
2024-09-07 07:55:40,607 [ERROR] ConditionMgr:805 - Attr not supported : Dmpu
2024-09-07 07:55:40,607 [ERROR] ConditionMgr:805 - Attr not supported : Dmpu
2024-09-07 07:55:40,607 [ERROR] ConditionMgr:805 - Attr not supported : Dmpu
2024-09-07 07:55:40,608 [ERROR] ConditionMgr:805 - Attr not supported : Dmpu
2024-09-07 07:55:40,608 [ERROR] ConditionMgr:805 - Attr not supported : Dmpu
2024-09-07 07:55:40,608 [ERROR] ConditionMgr:805 - Attr not supported : Dmpu
2024-09-07 07:55:40,608 [ERROR] ConditionMgr:805 - Attr not supported : Dmpu
2024-09-07 07:55:40,608 [ERROR] ConditionMgr:805 - Attr not supported : Dmpu
2024-09-07 07:55:40,608 [ERROR] ConditionMgr:805 - Attr not supported : Dmpu
2024-09-07 07:55:40,609 [ERROR] ConditionMgr:805 - Attr not supported : Dmpu
2024-09-07 07:55:40,609 [ERROR] ConditionMgr:805 - Attr not supported : Dmpu
2024-09-07 07:55:40,609 [ERROR] ConditionMgr:805 - Attr not supported : Dmpu
2024-09-07 07:55:40,609 [ERROR] ConditionMgr:805 - Attr not supported : Dmpu
2024-09-07 07:55:40,609 [ERROR] ConditionMgr:805 - Attr not supported : Dmpu
2024-09-07 07:55:40,609 [ERROR] ConditionMgr:805 - Attr not supported : Dmpu
2024-09-07 07:55:40,610 [ERROR] ConditionMgr:805 - Attr not supported : Dmpu
2024-09-07 07:55:40,610 [ERROR] ConditionMgr:805 - Attr not supported : Dmpu
2024-09-07 07:55:40,610 [ERROR] ConditionMgr:805 - Attr not supported : Dmpu
2024-09-07 07:55:40,610 [ERROR] ConditionMgr:805 - Attr not supported : Dmpu
2024-09-07 07:55:40,610 [ERROR] ConditionMgr:805 - Attr not supported : Dmpu
2024-09-07 07:55:40,610 [ERROR] ConditionMgr:805 - Attr not supported : Dmpu
2024-09-07 07:55:40,611 [ERROR] ConditionMgr:805 - Attr not supported : Dmpu
2024-09-07 07:55:40,611 [ERROR] ConditionMgr:805 - Attr not supported : Dmpu
2024-09-07 07:55:40,611 [ERROR] ConditionMgr:805 - Attr not supported : Dmpu
2024-09-07 07:55:40,611 [ERROR] ConditionMgr:805 - Attr not supported : Dmpu
2024-09-07 07:55:40,611 [ERROR] ConditionMgr:805 - Attr not supported : Dmpu
2024-09-07 07:55:40,611 [ERROR] ConditionMgr:805 - Attr not supported : Dmpu
2024-09-07 07:55:40,611 [ERROR] ConditionMgr:805 - Attr not supported : Dmpu
2024-09-07 07:55:40,612 [ERROR] ConditionMgr:805 - Attr not supported : Dmpu
2024-09-07 07:55:40,612 [ERROR] ConditionMgr:805 - Attr not supported : Dmpu
2024-09-07 07:55:40,612 [ERROR] ConditionMgr:805 - Attr not supported : Dmpu
2024-09-07 07:55:40,612 [ERROR] ConditionMgr:805 - Attr not supported : Dmpu
2024-09-07 07:55:40,612 [ERROR] ConditionMgr:805 - Attr not supported : Dmpu
2024-09-07 07:55:40,612 [ERROR] ConditionMgr:805 - Attr not supported : Dmpu
2024-09-07 07:55:40,613 [ERROR] ConditionMgr:805 - Attr not supported : Dmpu
2024-09-07 07:55:40,613 [ERROR] ConditionMgr:805 - Attr not supported : Dmpu
2024-09-07 07:55:40,613 [ERROR] ConditionMgr:805 - Attr not supported : Dmpu
2024-09-07 07:55:40,622 [WARN] PackLoader:240 - Cannot read IP mode file for RealThread.X-CUBE-RT-Thread_Nano.4.1.1
2024-09-07 07:55:40,630 [WARN] PackLoader:240 - Cannot read IP mode file for wolfSSL.I-CUBE-wolfSSL.5.7.0
2024-09-07 07:55:40,653 [WARN] PackLoader:240 - Cannot read IP mode file for STMicroelectronics.FP-ATR-SIGFOX1.3.2.0
2024-09-07 07:55:40,704 [WARN] PackLoader:240 - Cannot read IP mode file for STMicroelectronics.X-CUBE-EEPRMA1.5.1.0
2024-09-07 07:55:40,716 [WARN] PackLoader:240 - Cannot read IP mode file for ITTIA_DB.I-CUBE-ITTIADB.8.9.0
2024-09-07 07:55:40,753 [WARN] PackLoader:240 - Cannot read IP mode file for SEGGER.I-CUBE-embOS.1.3.1
2024-09-07 07:55:40,851 [WARN] PackLoader:240 - Cannot read IP mode file for STMicroelectronics.X-CUBE-ALGOBUILD.1.4.0
2024-09-07 07:55:40,861 [WARN] PackLoader:240 - Cannot read IP mode file for STMicroelectronics.X-CUBE-GNSS1.6.0.0
2024-09-07 07:55:40,896 [WARN] PackLoader:240 - Cannot read IP mode file for STMicroelectronics.X-CUBE-AZRTOS-F4.1.1.0
2024-09-07 07:55:40,915 [WARN] PackLoader:240 - Cannot read IP mode file for STMicroelectronics.X-CUBE-FREERTOS.1.2.0
2024-09-07 07:55:40,934 [WARN] PackLoader:240 - Cannot read IP mode file for STMicroelectronics.X-CUBE-AZRTOS-L5.2.0.0
2024-09-07 07:55:40,944 [WARN] PackLoader:240 - Cannot read IP mode file for STMicroelectronics.X-CUBE-NFC6.3.1.0
2024-09-07 07:55:40,957 [WARN] PackLoader:240 - Cannot read IP mode file for STMicroelectronics.X-CUBE-DPower.1.2.0
2024-09-07 07:55:40,963 [WARN] PackLoader:240 - Cannot read IP mode file for STMicroelectronics.X-CUBE-AI.9.0.0
2024-09-07 07:55:40,969 [WARN] PackLoader:240 - Cannot read IP mode file for STMicroelectronics.X-CUBE-NFC7.1.0.1
2024-09-07 07:55:40,974 [WARN] PackLoader:240 - Cannot read IP mode file for wolfSSL.I-CUBE-wolfTPM.3.2.0
2024-09-07 07:55:40,999 [WARN] ConditionMgr:438 - getConditionDescription Invalid condition id : LAN8742 Phy interface Condition cause : null
2024-09-07 07:55:41,000 [WARN] PackLoader:240 - Cannot read IP mode file for STMicroelectronics.X-CUBE-AZRTOS-L4.2.0.0
2024-09-07 07:55:41,003 [WARN] ConditionMgr:1039 - genDependencies : Invalid condition id : LAN8742 Phy interface Condition cause : null
2024-09-07 07:55:41,003 [WARN] ConditionMgr:1039 - genDependencies : Invalid condition id : LAN8742 Phy interface Condition cause : null
2024-09-07 07:55:41,004 [WARN] ConditionMgr:1039 - genDependencies : Invalid condition id : LAN8742 Phy interface Condition cause : null
2024-09-07 07:55:41,013 [WARN] PackLoader:240 - Cannot read IP mode file for STMicroelectronics.X-CUBE-SFXS2LP1.4.0.0
2024-09-07 07:55:41,036 [WARN] PackLoader:240 - Cannot read IP mode file for STMicroelectronics.X-CUBE-AZRTOS-H7.3.3.0
2024-09-07 07:55:41,053 [WARN] ConditionMgr:438 - getConditionDescription Invalid condition id : UX DEVICE CLASS RTOS Condition cause : null
2024-09-07 07:55:41,053 [WARN] ConditionMgr:438 - getConditionDescription Invalid condition id : UX DEVICE CLASS RTOS Condition cause : null
2024-09-07 07:55:41,055 [WARN] PackLoader:240 - Cannot read IP mode file for STMicroelectronics.X-CUBE-AZRTOS-WB.2.0.0
2024-09-07 07:55:41,056 [WARN] ConditionMgr:1039 - genDependencies : Invalid condition id : UX DEVICE CLASS RTOS Condition cause : null
2024-09-07 07:55:41,056 [WARN] ConditionMgr:1039 - genDependencies : Invalid condition id : UX DEVICE CLASS RTOS Condition cause : null
2024-09-07 07:55:41,056 [WARN] ConditionMgr:1039 - genDependencies : Invalid condition id : UX DEVICE CLASS RTOS Condition cause : null
2024-09-07 07:55:41,057 [WARN] ConditionMgr:1039 - genDependencies : Invalid condition id : UX DEVICE CLASS RTOS Condition cause : null
2024-09-07 07:55:41,057 [WARN] ConditionMgr:1039 - genDependencies : Invalid condition id : UX DEVICE CLASS RTOS Condition cause : null
2024-09-07 07:55:41,066 [WARN] PackLoader:240 - Cannot read IP mode file for STMicroelectronics.FP-SNS-STBOX1.2.0.0
2024-09-07 07:55:41,080 [WARN] PackLoader:240 - Cannot read IP mode file for STMicroelectronics.X-CUBE-SUBG2.5.0.0
2024-09-07 07:55:41,091 [WARN] PackLoader:240 - Cannot read IP mode file for Cesanta.I-CUBE-Mongoose.7.13.0
2024-09-07 07:55:41,106 [WARN] PackLoader:240 - Cannot read IP mode file for STMicroelectronics.X-CUBE-AZRTOS-G4.2.0.0
2024-09-07 07:55:41,123 [WARN] PackLoader:240 - Cannot read IP mode file for STMicroelectronics.X-CUBE-ISPU.2.0.0
2024-09-07 07:55:41,129 [WARN] PackLoader:240 - Cannot read IP mode file for STMicroelectronics.X-CUBE-ALS.1.0.2
2024-09-07 07:55:41,170 [WARN] PackLoader:240 - Cannot read IP mode file for STMicroelectronics.X-CUBE-MEMS1.10.0.0
2024-09-07 07:55:41,341 [WARN] PackLoader:240 - Cannot read IP mode file for STMicroelectronics.X-CUBE-TOUCHGFX.4.24.0
2024-09-07 07:55:41,349 [WARN] PackLoader:240 - Cannot read IP mode file for portGmbH.I-Cube-SoM-uGOAL.1.1.0
2024-09-07 07:55:41,356 [WARN] PackLoader:240 - Cannot read IP mode file for STMicroelectronics.X-CUBE-ALS.1.0.1
2024-09-07 07:55:41,455 [WARN] PackLoader:240 - Cannot read IP mode file for STMicroelectronics.X-CUBE-AZRTOS-H7RS.1.0.0
2024-09-07 07:55:41,476 [WARN] PackLoader:240 - Cannot read IP mode file for STMicroelectronics.FP-ATR-ASTRA1.2.0.0
2024-09-07 07:55:41,503 [WARN] PackLoader:240 - Cannot read IP mode file for STMicroelectronics.X-CUBE-TOF1.3.4.2
2024-09-07 07:55:41,544 [WARN] PackLoader:240 - Cannot read IP mode file for STMicroelectronics.X-CUBE-TOF1.3.4.1
2024-09-07 07:55:41,609 [WARN] PackLoader:240 - Cannot read IP mode file for STMicroelectronics.X-CUBE-AZRTOS-H7.3.2.0
2024-09-07 07:55:41,632 [WARN] PackLoader:240 - Cannot read IP mode file for Infineon.AIROC-Wi-Fi-Bluetooth-STM32.1.6.0
2024-09-07 07:55:41,664 [WARN] PackLoader:240 - Cannot read IP mode file for wolfSSL.I-CUBE-wolfSSH.1.4.17
2024-09-07 07:55:41,666 [INFO] ThirdParty:978 - Integrity check success = true
2024-09-07 07:55:41,666 [INFO] IntegrityCheckThread:100 - exiting critical section [integrity check]
2024-09-07 07:55:41,667 [INFO] IntegrityCheckThread:103 - End integrity checks thread
