2024-10-03 12:41:01,510 [INFO] Activator:176 - 


2024-10-03 12:41:01,518 [INFO] Activator:177 - !SESSION log4j initialized
2024-10-03 12:41:10,215 [INFO] LogOutputStream:77 - [STDOUT_REDIRECT] 
2024-10-17 21:41:37,031 [INFO] Activator:176 - 


2024-10-17 21:41:37,036 [INFO] Activator:177 - !SESSION log4j initialized
2024-10-17 21:41:45,049 [INFO] LogOutputStream:77 - [STDOUT_REDIRECT] 
2024-10-17 21:41:49,880 [INFO] ApplicationProperties:184 - Using Application install path: C:\ST\STM32CubeIDE_1.15.1\STM32CubeIDE\plugins\com.st.stm32cube.common.mx_6.12.1.202409122256
2024-10-17 21:41:49,935 [INFO] DbMcusXml:78 - Set database path to: C:\ST\STM32CubeIDE_1.15.1\STM32CubeIDE\plugins\com.st.stm32cube.common.mx_6.12.1.202409122256\\db\/mcu/
2024-10-17 21:41:49,937 [INFO] ApiDb:274 - Set plugin database path to: C:\ST\STM32CubeIDE_1.15.1\STM32CubeIDE\plugins\com.st.stm32cube.common.mx_6.12.1.202409122256\\db\/plugins/boardmanager/
2024-10-17 21:41:49,938 [WARN] ApiDb:259 - Overriding images path with different value:  => C:\ST\STM32CubeIDE_1.15.1\STM32CubeIDE\plugins\com.st.stm32cube.common.mx_6.12.1.202409122256\\db\/plugins/mcufinder/images/
2024-10-17 21:41:49,951 [INFO] ApiDb:250 - Set database path to: C:\Users\ohori\.stmcufinder\plugins\mcufinder//mcu/
2024-10-17 21:41:49,955 [INFO] DbMcusAds:125 - Set database path to: C:\Users\ohori\.stmcufinder\plugins\mcufinder//mcu/
2024-10-17 21:41:49,961 [INFO] CrossReferenceDbSqlite:203 - Set database path to: C:\Users\ohori\.stmcufinder\plugins\mcufinder//mcu/cs/
2024-10-17 21:41:50,393 [INFO] RulesReader:64 - Compatibility file has been processed (297 Rules)
2024-10-17 21:41:50,640 [INFO] DbMcusXml:78 - Set database path to: C:\ST\STM32CubeIDE_1.15.1\STM32CubeIDE\plugins\com.st.stm32cube.common.mx_6.12.1.202409122256\\db\/mcu/
2024-10-17 21:41:50,640 [INFO] ApiDb:274 - Set plugin database path to: C:\ST\STM32CubeIDE_1.15.1\STM32CubeIDE\plugins\com.st.stm32cube.common.mx_6.12.1.202409122256\\db\/plugins/boardmanager/
2024-10-17 21:41:50,641 [INFO] ApiDb:261 - Set plugin images path to: C:\ST\STM32CubeIDE_1.15.1\STM32CubeIDE\plugins\com.st.stm32cube.common.mx_6.12.1.202409122256\\db\/plugins/mcufinder/images/
2024-10-17 21:41:50,641 [WARN] DbFile:41 - Overriding database path with different value: C:\Users\ohori\.stmcufinder\plugins\mcufinder/ => C:\Users\ohori\.stmcufinder\plugins\mcufinder
2024-10-17 21:41:50,642 [INFO] ApiDb:250 - Set database path to: C:\Users\ohori\.stmcufinder\plugins\mcufinder//mcu/
2024-10-17 21:41:50,642 [WARN] DbFile:41 - Overriding database path with different value: C:\Users\ohori\.stmcufinder\plugins\mcufinder/ => C:\Users\ohori\.stmcufinder\plugins\mcufinder
2024-10-17 21:41:50,643 [INFO] DbMcusAds:125 - Set database path to: C:\Users\ohori\.stmcufinder\plugins\mcufinder//mcu/
2024-10-17 21:41:50,643 [WARN] DbFile:41 - Overriding database path with different value: C:\Users\ohori\.stmcufinder\plugins\mcufinder/ => C:\Users\ohori\.stmcufinder\plugins\mcufinder
2024-10-17 21:41:50,643 [WARN] DbFile:41 - Overriding database path with different value: C:\Users\ohori\.stmcufinder\plugins\mcufinder/ => C:\Users\ohori\.stmcufinder\plugins\mcufinder
2024-10-17 21:41:50,643 [INFO] CrossReferenceDbSqlite:203 - Set database path to: C:\Users\ohori\.stmcufinder\plugins\mcufinder//mcu/cs/
2024-10-17 21:41:50,891 [INFO] MainPanel:268 - HeapMemory: 268435456
2024-10-17 21:41:51,244 [INFO] DbMcusXml:78 - Set database path to: C:\ST\STM32CubeIDE_1.15.1\STM32CubeIDE\plugins\com.st.stm32cube.common.mx_6.12.1.202409122256\\db\/mcu/
2024-10-17 21:41:51,245 [INFO] ApiDb:274 - Set plugin database path to: C:\ST\STM32CubeIDE_1.15.1\STM32CubeIDE\plugins\com.st.stm32cube.common.mx_6.12.1.202409122256\\db\/plugins/boardmanager/
2024-10-17 21:41:51,245 [INFO] ApiDb:261 - Set plugin images path to: C:\ST\STM32CubeIDE_1.15.1\STM32CubeIDE\plugins\com.st.stm32cube.common.mx_6.12.1.202409122256\\db\/plugins/mcufinder/images/
2024-10-17 21:41:51,248 [WARN] DbFile:41 - Overriding database path with different value: C:\Users\ohori\.stmcufinder\plugins\mcufinder/ => C:\Users\ohori\.stmcufinder\plugins\mcufinder
2024-10-17 21:41:51,249 [INFO] ApiDb:250 - Set database path to: C:\Users\ohori\.stmcufinder\plugins\mcufinder//mcu/
2024-10-17 21:41:51,249 [WARN] DbFile:41 - Overriding database path with different value: C:\Users\ohori\.stmcufinder\plugins\mcufinder/ => C:\Users\ohori\.stmcufinder\plugins\mcufinder
2024-10-17 21:41:51,249 [INFO] DbMcusAds:125 - Set database path to: C:\Users\ohori\.stmcufinder\plugins\mcufinder//mcu/
2024-10-17 21:41:51,249 [WARN] DbFile:41 - Overriding database path with different value: C:\Users\ohori\.stmcufinder\plugins\mcufinder/ => C:\Users\ohori\.stmcufinder\plugins\mcufinder
2024-10-17 21:41:51,249 [WARN] DbFile:41 - Overriding database path with different value: C:\Users\ohori\.stmcufinder\plugins\mcufinder/ => C:\Users\ohori\.stmcufinder\plugins\mcufinder
2024-10-17 21:41:51,250 [INFO] CrossReferenceDbSqlite:203 - Set database path to: C:\Users\ohori\.stmcufinder\plugins\mcufinder//mcu/cs/
2024-10-17 21:41:51,302 [INFO] ApplicationProperties:184 - Using Application install path: C:\ST\STM32CubeIDE_1.15.1\STM32CubeIDE\plugins\com.st.stm32cube.common.mx_6.12.1.202409122256
2024-10-17 21:41:51,307 [INFO] PluginManage:196 - Search for loadable plugins [exclusion list=, ]
2024-10-17 21:41:51,313 [INFO] PluginManage:310 - Check plugin analytics
2024-10-17 21:41:51,968 [INFO] AnalyticsPlugin:253 - Accepted Software Licenses: 
2024-10-17 21:41:51,968 [INFO] AnalyticsPlugin:255 - Accepted CMSIS Pack Licenses: 
2024-10-17 21:41:51,969 [INFO] AnalyticsPlugin:257 - Accepted Firmware Licenses: FW.F7.1.17.0,FW.F4.1.28.0
2024-10-17 21:41:51,978 [INFO] PluginManage:359 - Loaded plugin analytics (category:tool,tabindex:-1)
2024-10-17 21:41:51,978 [INFO] PluginManage:310 - Check plugin cadmodel
2024-10-17 21:41:51,989 [INFO] CADModel:105 - Init CAD model plugin
2024-10-17 21:41:51,990 [INFO] PluginManage:359 - Loaded plugin cadmodel (category:power,tabindex:5)
2024-10-17 21:41:51,990 [INFO] PluginManage:310 - Check plugin clock
2024-10-17 21:41:52,016 [INFO] PluginManage:359 - Loaded plugin clock (category:base,tabindex:2)
2024-10-17 21:41:52,017 [INFO] PluginManage:310 - Check plugin ddr
2024-10-17 21:41:52,024 [INFO] PluginManage:359 - Loaded plugin ddr (category:tool,tabindex:6)
2024-10-17 21:41:52,024 [INFO] PluginManage:310 - Check plugin filemanager
2024-10-17 21:41:52,437 [INFO] PluginManage:359 - Loaded plugin filemanager (category:base,tabindex:10)
2024-10-17 21:41:52,437 [INFO] PluginManage:310 - Check plugin ipmanager
2024-10-17 21:41:52,454 [INFO] PluginManage:359 - Loaded plugin ipmanager (category:base,tabindex:5)
2024-10-17 21:41:52,455 [INFO] PluginManage:310 - Check plugin lpbam
2024-10-17 21:41:52,476 [INFO] PluginManage:359 - Loaded plugin lpbam (category:base,tabindex:0)
2024-10-17 21:41:52,477 [INFO] PluginManage:310 - Check plugin memorymap
2024-10-17 21:41:52,524 [INFO] PluginManage:359 - Loaded plugin memorymap (category:base,tabindex:4)
2024-10-17 21:41:52,525 [INFO] PluginManage:310 - Check plugin pinoutandconfiguration
2024-10-17 21:41:52,546 [INFO] PluginManage:359 - Loaded plugin pinoutandconfiguration (category:base,tabindex:1)
2024-10-17 21:41:52,547 [INFO] PluginManage:310 - Check plugin pinoutconfig
2024-10-17 21:41:52,795 [WARN] SupportedApi:132 - Cannot load RTOS API schema: s4s-elt-must-match.1: The content of 'definitions' must match (annotation?, (simpleType | complexType)?, (unique | key | keyref)*)). A problem was found starting at: attribute.
2024-10-17 21:41:53,466 [INFO] PluginManage:359 - Loaded plugin pinoutconfig (category:base,tabindex:0)
2024-10-17 21:41:53,467 [INFO] PluginManage:310 - Check plugin power
2024-10-17 21:41:53,488 [INFO] PluginManage:359 - Loaded plugin power (category:power,tabindex:4)
2024-10-17 21:41:53,489 [INFO] PluginManage:310 - Check plugin projectmanager
2024-10-17 21:41:53,535 [INFO] PluginManage:359 - Loaded plugin projectmanager (category:projectmanager,tabindex:4)
2024-10-17 21:41:53,536 [INFO] PluginManage:310 - Check plugin rif
2024-10-17 21:41:53,557 [INFO] PluginManage:359 - Loaded plugin rif (category:base,tabindex:3)
2024-10-17 21:41:53,558 [INFO] PluginManage:310 - Check plugin thirdparty
2024-10-17 21:41:53,927 [WARN] IntegrityCheckThread:84 - waiting for thirdparty lock release [integrity check]
2024-10-17 21:41:53,928 [INFO] IntegrityCheckThread:86 - entering critical section [integrity check]
2024-10-17 21:41:53,928 [INFO] PluginManage:359 - Loaded plugin thirdparty (category:base,tabindex:-1)
2024-10-17 21:41:53,929 [INFO] PluginManage:310 - Check plugin tools
2024-10-17 21:41:53,929 [INFO] ThirdPartyUpdaterWithRetryManager:70 - Updater plugin not ready yet. [1/15]
2024-10-17 21:41:53,935 [INFO] PluginManage:359 - Loaded plugin tools (category:base,tabindex:7)
2024-10-17 21:41:53,936 [INFO] PluginManage:310 - Check plugin tutovideos
2024-10-17 21:41:54,531 [INFO] PluginManage:359 - Loaded plugin tutovideos (category:base,tabindex:-1)
2024-10-17 21:41:54,531 [INFO] PluginManage:310 - Check plugin updater
2024-10-17 21:41:54,568 [INFO] PluginManage:359 - Loaded plugin updater (category:base,tabindex:12)
2024-10-17 21:41:54,569 [INFO] PluginManage:310 - Check plugin userauth
2024-10-17 21:41:54,580 [INFO] UserAuth:113 - Init User Auth plugin
2024-10-17 21:41:54,581 [INFO] PluginManage:359 - Loaded plugin userauth (category:base,tabindex:14)
2024-10-17 21:41:54,582 [INFO] PluginManage:283 - PluginManage : Loaded plugins [18]
2024-10-17 21:41:55,140 [INFO] PinOutPanel:1561 - setPackage(No Configuration,No Configuration)
2024-10-17 21:41:55,357 [INFO] CADModel:165 - CPN selected for project level
2024-10-17 21:41:55,357 [INFO] CADModel:114 - Register for checkConnection events
2024-10-17 21:41:55,399 [INFO] IPUIPlugin:80 - create IPUIPlugin
2024-10-17 21:41:55,399 [INFO] PluginManager:220 - loadIPPluginJar : add adc
2024-10-17 21:41:55,406 [INFO] IPUIPlugin:80 - create IPUIPlugin
2024-10-17 21:41:55,407 [INFO] PluginManager:220 - loadIPPluginJar : add aes
2024-10-17 21:41:55,414 [INFO] IPUIPlugin:80 - create IPUIPlugin
2024-10-17 21:41:55,415 [INFO] PluginManager:220 - loadIPPluginJar : add can
2024-10-17 21:41:55,420 [INFO] IPUIPlugin:80 - create IPUIPlugin
2024-10-17 21:41:55,421 [INFO] PluginManager:220 - loadIPPluginJar : add comp
2024-10-17 21:41:55,427 [INFO] IPUIPlugin:80 - create IPUIPlugin
2024-10-17 21:41:55,427 [INFO] PluginManager:220 - loadIPPluginJar : add cryp
2024-10-17 21:41:55,436 [INFO] IPUIPlugin:80 - create IPUIPlugin
2024-10-17 21:41:55,436 [INFO] PluginManager:220 - loadIPPluginJar : add ddr_ctrl_phy
2024-10-17 21:41:55,442 [INFO] IPUIPlugin:80 - create IPUIPlugin
2024-10-17 21:41:55,442 [INFO] PluginManager:220 - loadIPPluginJar : add dfsdm
2024-10-17 21:41:55,455 [INFO] IPUIPlugin:80 - create IPUIPlugin
2024-10-17 21:41:55,457 [INFO] PluginManager:220 - loadIPPluginJar : add dma
2024-10-17 21:41:55,464 [INFO] IPUIPlugin:80 - create IPUIPlugin
2024-10-17 21:41:55,465 [INFO] PluginManager:220 - loadIPPluginJar : add dma3
2024-10-17 21:41:55,472 [INFO] IPUIPlugin:80 - create IPUIPlugin
2024-10-17 21:41:55,473 [INFO] PluginManager:220 - loadIPPluginJar : add extmemmanager
2024-10-17 21:41:55,477 [INFO] IPUIPlugin:80 - create IPUIPlugin
2024-10-17 21:41:55,477 [INFO] PluginManager:220 - loadIPPluginJar : add fatfs
2024-10-17 21:41:55,485 [INFO] IPUIPlugin:80 - create IPUIPlugin
2024-10-17 21:41:55,486 [INFO] PluginManager:220 - loadIPPluginJar : add fmc
2024-10-17 21:41:55,503 [INFO] IPUIPlugin:80 - create IPUIPlugin
2024-10-17 21:41:55,504 [INFO] PluginManager:220 - loadIPPluginJar : add freertos
2024-10-17 21:41:55,511 [INFO] IPUIPlugin:80 - create IPUIPlugin
2024-10-17 21:41:55,512 [INFO] PluginManager:220 - loadIPPluginJar : add genericplugin
2024-10-17 21:41:55,516 [INFO] IPUIPlugin:80 - create IPUIPlugin
2024-10-17 21:41:55,517 [INFO] PluginManager:220 - loadIPPluginJar : add gfxmmu
2024-10-17 21:41:55,527 [INFO] IPUIPlugin:80 - create IPUIPlugin
2024-10-17 21:41:55,528 [INFO] PluginManager:220 - loadIPPluginJar : add gic
2024-10-17 21:41:55,538 [INFO] IPUIPlugin:80 - create IPUIPlugin
2024-10-17 21:41:55,539 [INFO] PluginManager:220 - loadIPPluginJar : add gpio
2024-10-17 21:41:55,549 [INFO] IPUIPlugin:80 - create IPUIPlugin
2024-10-17 21:41:55,550 [INFO] PluginManager:220 - loadIPPluginJar : add gtzc
2024-10-17 21:41:55,556 [INFO] IPUIPlugin:80 - create IPUIPlugin
2024-10-17 21:41:55,556 [INFO] PluginManager:220 - loadIPPluginJar : add hash
2024-10-17 21:41:55,563 [INFO] IPUIPlugin:80 - create IPUIPlugin
2024-10-17 21:41:55,563 [INFO] PluginManager:220 - loadIPPluginJar : add i2c
2024-10-17 21:41:55,567 [INFO] IPUIPlugin:80 - create IPUIPlugin
2024-10-17 21:41:55,567 [INFO] PluginManager:220 - loadIPPluginJar : add i2s
2024-10-17 21:41:55,571 [INFO] IPUIPlugin:80 - create IPUIPlugin
2024-10-17 21:41:55,571 [INFO] PluginManager:220 - loadIPPluginJar : add i3c
2024-10-17 21:41:55,576 [INFO] IPUIPlugin:80 - create IPUIPlugin
2024-10-17 21:41:55,576 [INFO] PluginManager:220 - loadIPPluginJar : add ipddr
2024-10-17 21:41:55,591 [INFO] IPUIPlugin:80 - create IPUIPlugin
2024-10-17 21:41:55,592 [INFO] PluginManager:220 - loadIPPluginJar : add linkedlist
2024-10-17 21:41:55,599 [INFO] IPUIPlugin:80 - create IPUIPlugin
2024-10-17 21:41:55,599 [INFO] PluginManager:220 - loadIPPluginJar : add lorawan
2024-10-17 21:41:55,602 [INFO] IPUIPlugin:80 - create IPUIPlugin
2024-10-17 21:41:55,603 [INFO] PluginManager:220 - loadIPPluginJar : add ltdc
2024-10-17 21:41:55,615 [INFO] IPUIPlugin:80 - create IPUIPlugin
2024-10-17 21:41:55,616 [INFO] PluginManager:220 - loadIPPluginJar : add mdma
2024-10-17 21:41:55,621 [INFO] IPUIPlugin:80 - create IPUIPlugin
2024-10-17 21:41:55,622 [INFO] PluginManager:220 - loadIPPluginJar : add nvic
2024-10-17 21:41:55,631 [INFO] IPUIPlugin:80 - create IPUIPlugin
2024-10-17 21:41:55,631 [INFO] PluginManager:220 - loadIPPluginJar : add opamp
2024-10-17 21:41:55,641 [INFO] IPUIPlugin:80 - create IPUIPlugin
2024-10-17 21:41:55,641 [INFO] PluginManager:220 - loadIPPluginJar : add openamp
2024-10-17 21:41:55,645 [INFO] IPUIPlugin:80 - create IPUIPlugin
2024-10-17 21:41:55,646 [INFO] PluginManager:220 - loadIPPluginJar : add pdm2pcm
2024-10-17 21:41:55,660 [INFO] IPUIPlugin:80 - create IPUIPlugin
2024-10-17 21:41:55,668 [INFO] PluginManager:220 - loadIPPluginJar : add plateformsettings
2024-10-17 21:41:55,672 [INFO] IPUIPlugin:80 - create IPUIPlugin
2024-10-17 21:41:55,673 [INFO] PluginManager:220 - loadIPPluginJar : add quadspi
2024-10-17 21:41:55,677 [INFO] IPUIPlugin:80 - create IPUIPlugin
2024-10-17 21:41:55,686 [INFO] PluginManager:220 - loadIPPluginJar : add radio
2024-10-17 21:41:55,693 [INFO] IPUIPlugin:80 - create IPUIPlugin
2024-10-17 21:41:55,693 [INFO] PluginManager:220 - loadIPPluginJar : add resmgrutility
2024-10-17 21:41:55,700 [INFO] IPUIPlugin:80 - create IPUIPlugin
2024-10-17 21:41:55,701 [INFO] PluginManager:220 - loadIPPluginJar : add sai
2024-10-17 21:41:55,706 [INFO] IPUIPlugin:80 - create IPUIPlugin
2024-10-17 21:41:55,707 [INFO] PluginManager:220 - loadIPPluginJar : add spi
2024-10-17 21:41:55,717 [INFO] IPUIPlugin:80 - create IPUIPlugin
2024-10-17 21:41:55,718 [INFO] PluginManager:220 - loadIPPluginJar : add stm32_wpan
2024-10-17 21:41:55,723 [INFO] IPUIPlugin:80 - create IPUIPlugin
2024-10-17 21:41:55,723 [INFO] PluginManager:220 - loadIPPluginJar : add tim
2024-10-17 21:41:55,733 [INFO] IPUIPlugin:80 - create IPUIPlugin
2024-10-17 21:41:55,733 [INFO] PluginManager:220 - loadIPPluginJar : add touchsensing
2024-10-17 21:41:55,738 [INFO] IPUIPlugin:80 - create IPUIPlugin
2024-10-17 21:41:55,738 [INFO] PluginManager:220 - loadIPPluginJar : add tracer_emb
2024-10-17 21:41:55,743 [INFO] IPUIPlugin:80 - create IPUIPlugin
2024-10-17 21:41:55,743 [INFO] PluginManager:220 - loadIPPluginJar : add ts
2024-10-17 21:41:55,747 [INFO] IPUIPlugin:80 - create IPUIPlugin
2024-10-17 21:41:55,748 [INFO] PluginManager:220 - loadIPPluginJar : add tsc
2024-10-17 21:41:55,751 [INFO] IPUIPlugin:80 - create IPUIPlugin
2024-10-17 21:41:55,752 [INFO] PluginManager:220 - loadIPPluginJar : add ucpd
2024-10-17 21:41:55,759 [INFO] IPUIPlugin:80 - create IPUIPlugin
2024-10-17 21:41:55,759 [INFO] PluginManager:220 - loadIPPluginJar : add usart
2024-10-17 21:41:55,766 [INFO] IPUIPlugin:80 - create IPUIPlugin
2024-10-17 21:41:55,767 [INFO] PluginManager:220 - loadIPPluginJar : add usbx
2024-10-17 21:41:55,982 [INFO] CADModel:165 - CPN selected for project level
2024-10-17 21:41:55,982 [INFO] CADModel:114 - Register for checkConnection events
2024-10-17 21:41:55,983 [FATAL] Updater:334 - Updater called before beeing initialized
2024-10-17 21:41:55,983 [ERROR] CADModel:125 - Updater not yet initialized, retry later 
2024-10-17 21:41:56,288 [INFO] CADModel:165 - CPN selected for project level
2024-10-17 21:41:56,289 [INFO] CADModel:114 - Register for checkConnection events
2024-10-17 21:41:56,289 [FATAL] Updater:334 - Updater called before beeing initialized
2024-10-17 21:41:56,289 [ERROR] CADModel:125 - Updater not yet initialized, retry later 
2024-10-17 21:41:56,296 [FATAL] Updater:334 - Updater called before beeing initialized
2024-10-17 21:41:56,579 [FATAL] Updater:334 - Updater called before beeing initialized
2024-10-17 21:41:56,596 [INFO] DbMcusAds:53 - JSON generation date=Fri Sep 20 22:04:23 JST 2024 (1726837463113)
2024-10-17 21:41:56,597 [FATAL] Updater:334 - Updater called before beeing initialized
2024-10-17 21:41:56,669 [WARN] DetailPanel:346 - Failed to get advertising image, set to default
2024-10-17 21:41:56,868 [FATAL] Updater:334 - Updater called before beeing initialized
2024-10-17 21:41:56,872 [FATAL] Updater:334 - Updater called before beeing initialized
2024-10-17 21:41:56,873 [FATAL] Updater:334 - Updater called before beeing initialized
2024-10-17 21:41:56,873 [WARN] DetailPanel:346 - Failed to get advertising image, set to default
2024-10-17 21:41:56,875 [FATAL] Updater:334 - Updater called before beeing initialized
2024-10-17 21:41:56,930 [INFO] ThirdPartyUpdaterWithRetryManager:70 - Updater plugin not ready yet. [2/15]
2024-10-17 21:41:57,054 [ERROR] Updater:1164 - MainUpdater not yet initialized. External WinMGr cannot be set.
2024-10-17 21:41:57,060 [INFO] Updater:1100 - Updater Version found : 6.12.1
2024-10-17 21:41:57,104 [INFO] ApplicationProperties:184 - Using Application install path: C:\ST\STM32CubeIDE_1.15.1\STM32CubeIDE\plugins\com.st.stm32cube.common.mx_6.12.1.202409122256
2024-10-17 21:41:57,756 [INFO] MainUpdater:2873 - connection check result : 10
2024-10-17 21:41:57,757 [INFO] MainUpdater:290 - Updater Check For Update Now.
2024-10-17 21:41:57,758 [INFO] MicroXplorer:498 - Change Database Version : DB.6.0.121
2024-10-17 21:41:57,768 [INFO] McuFinderGlobals:63 - Set McuFinder mode to 2 (CubeIDE integrated)
2024-10-17 21:41:57,770 [INFO] UserAuth:417 - Internet connection configuration mode: 1
2024-10-17 21:41:57,802 [INFO] JxBrowserEngine:152 - Initiate JxBrowser Engine with user profile folder
2024-10-17 21:41:58,016 [INFO] CheckServerUpdateThread:120 - End of CheckServer Thread
2024-10-17 21:41:59,379 [INFO] WebApp:167 - Instantiating new browser for Auth
2024-10-17 21:42:00,317 [WARN] PackLoader:240 - Cannot read IP mode file for STMicroelectronics.FP-SNS-MOTENVWB1.1.4.0
2024-10-17 21:42:00,355 [WARN] PackLoader:240 - Cannot read IP mode file for STMicroelectronics.X-CUBE-SMBUS.2.1.0
2024-10-17 21:42:00,383 [WARN] PackLoader:240 - Cannot read IP mode file for STMicroelectronics.X-CUBE-WB05N.1.1.0
2024-10-17 21:42:00,395 [WARN] PackLoader:240 - Cannot read IP mode file for STMicroelectronics.X-CUBE-TOUCHGFX.4.23.2
2024-10-17 21:42:00,463 [WARN] PackLoader:240 - Cannot read IP mode file for STMicroelectronics.X-CUBE-AZRTOS-F7.1.1.0
2024-10-17 21:42:00,596 [WARN] PackLoader:240 - Cannot read IP mode file for STMicroelectronics.X-CUBE-MEMS1.11.0.0
2024-10-17 21:42:00,877 [WARN] PackLoader:240 - Cannot read IP mode file for STMicroelectronics.FP-SNS-FLIGHT1.5.0.2
2024-10-17 21:42:00,888 [WARN] PackLoader:240 - Cannot read IP mode file for STMicroelectronics.X-CUBE-DISPLAY.3.0.0
2024-10-17 21:42:00,906 [WARN] PackLoader:240 - Cannot read IP mode file for STMicroelectronics.X-CUBE-BLE1.7.0.0
2024-10-17 21:42:00,917 [WARN] PackLoader:240 - Cannot read IP mode file for STMicroelectronics.X-CUBE-NFC10.1.0.0
2024-10-17 21:42:00,930 [WARN] PackLoader:240 - Cannot read IP mode file for emotas.I-CUBE-CANOPEN.1.3.0
2024-10-17 21:42:00,948 [WARN] PackLoader:240 - Cannot read IP mode file for STMicroelectronics.X-CUBE-BLEMGR.3.1.0
2024-10-17 21:42:00,962 [WARN] PackLoader:240 - Cannot read IP mode file for STMicroelectronics.FP-SNS-SMARTAG2.1.2.0
2024-10-17 21:42:00,983 [INFO] LogOutputStream:77 - [STDOUT_REDIRECT] 1 : Invalid condition id : UX_CORESTACK_Condition cause : null
2024-10-17 21:42:00,985 [INFO] LogOutputStream:77 - [STDOUT_REDIRECT] 1 : Invalid condition id : UX_CORESTACK_Condition cause : null
2024-10-17 21:42:00,988 [INFO] LogOutputStream:77 - [STDOUT_REDIRECT] 1 : Invalid condition id : UX_CORESTACK_Condition cause : null
2024-10-17 21:42:00,992 [INFO] LogOutputStream:77 - [STDOUT_REDIRECT] 1 : Invalid condition id : UX_CORESTACK_Condition cause : null
2024-10-17 21:42:00,995 [INFO] LogOutputStream:77 - [STDOUT_REDIRECT] 1 : Invalid condition id : UX_CORESTACK_Condition cause : null
2024-10-17 21:42:01,002 [WARN] PackLoader:240 - Cannot read IP mode file for STMicroelectronics.X-CUBE-AZRTOS-WL.2.0.0
2024-10-17 21:42:01,030 [WARN] PackLoader:240 - Cannot read IP mode file for STMicroelectronics.FP-SNS-MOTENV1.5.0.0
2024-10-17 21:42:01,044 [WARN] PackLoader:240 - Cannot read IP mode file for wolfSSL.I-CUBE-wolfMQTT.1.19.0
2024-10-17 21:42:01,069 [WARN] PackLoader:240 - Cannot read IP mode file for WES.I-CUBE-Cesium.1.3.0
2024-10-17 21:42:01,088 [WARN] PackLoader:240 - Cannot read IP mode file for STMicroelectronics.X-CUBE-BLE2.3.3.0
2024-10-17 21:42:01,111 [WARN] PackLoader:240 - Cannot read IP mode file for STMicroelectronics.X-CUBE-NFC9.1.0.0
2024-10-17 21:42:01,129 [WARN] PackLoader:240 - Cannot read IP mode file for STMicroelectronics.X-CUBE-TCPP.4.1.0
2024-10-17 21:42:01,160 [WARN] PackLoader:240 - Cannot read IP mode file for STMicroelectronics.X-CUBE-ALGOBUILD.1.3.0
2024-10-17 21:42:01,198 [WARN] PackLoader:240 - Cannot read IP mode file for STMicroelectronics.X-CUBE-AZRTOS-G0.1.1.0
2024-10-17 21:42:01,217 [WARN] PackLoader:240 - Cannot read IP mode file for STMicroelectronics.X-CUBE-SAFEA1.1.2.2
2024-10-17 21:42:01,231 [WARN] PackLoader:240 - Cannot read IP mode file for STMicroelectronics.X-CUBE-NFC4.3.0.0
2024-10-17 21:42:01,255 [WARN] PackLoader:240 - Cannot read IP mode file for EmbeddedOffice.I-CUBE-FS-RTOS.1.0.1
2024-10-17 21:42:01,256 [ERROR] ConditionMgr:805 - Attr not supported : Dmpu
2024-10-17 21:42:01,259 [ERROR] ConditionMgr:805 - Attr not supported : Dmpu
2024-10-17 21:42:01,259 [ERROR] ConditionMgr:805 - Attr not supported : Dmpu
2024-10-17 21:42:01,260 [ERROR] ConditionMgr:805 - Attr not supported : Dmpu
2024-10-17 21:42:01,260 [ERROR] ConditionMgr:805 - Attr not supported : Dmpu
2024-10-17 21:42:01,260 [ERROR] ConditionMgr:805 - Attr not supported : Dmpu
2024-10-17 21:42:01,260 [ERROR] ConditionMgr:805 - Attr not supported : Dmpu
2024-10-17 21:42:01,260 [ERROR] ConditionMgr:805 - Attr not supported : Dmpu
2024-10-17 21:42:01,260 [ERROR] ConditionMgr:805 - Attr not supported : Dmpu
2024-10-17 21:42:01,261 [ERROR] ConditionMgr:805 - Attr not supported : Dmpu
2024-10-17 21:42:01,261 [ERROR] ConditionMgr:805 - Attr not supported : Dmpu
2024-10-17 21:42:01,261 [ERROR] ConditionMgr:805 - Attr not supported : Dmpu
2024-10-17 21:42:01,261 [ERROR] ConditionMgr:805 - Attr not supported : Dmpu
2024-10-17 21:42:01,261 [ERROR] ConditionMgr:805 - Attr not supported : Dmpu
2024-10-17 21:42:01,262 [ERROR] ConditionMgr:805 - Attr not supported : Dmpu
2024-10-17 21:42:01,262 [ERROR] ConditionMgr:805 - Attr not supported : Dmpu
2024-10-17 21:42:01,263 [ERROR] ConditionMgr:805 - Attr not supported : Dmpu
2024-10-17 21:42:01,263 [ERROR] ConditionMgr:805 - Attr not supported : Dmpu
2024-10-17 21:42:01,263 [ERROR] ConditionMgr:805 - Attr not supported : Dmpu
2024-10-17 21:42:01,264 [ERROR] ConditionMgr:805 - Attr not supported : Dmpu
2024-10-17 21:42:01,264 [ERROR] ConditionMgr:805 - Attr not supported : Dmpu
2024-10-17 21:42:01,264 [ERROR] ConditionMgr:805 - Attr not supported : Dmpu
2024-10-17 21:42:01,265 [ERROR] ConditionMgr:805 - Attr not supported : Dmpu
2024-10-17 21:42:01,265 [ERROR] ConditionMgr:805 - Attr not supported : Dmpu
2024-10-17 21:42:01,265 [ERROR] ConditionMgr:805 - Attr not supported : Dmpu
2024-10-17 21:42:01,265 [ERROR] ConditionMgr:805 - Attr not supported : Dmpu
2024-10-17 21:42:01,266 [ERROR] ConditionMgr:805 - Attr not supported : Dmpu
2024-10-17 21:42:01,266 [ERROR] ConditionMgr:805 - Attr not supported : Dmpu
2024-10-17 21:42:01,266 [ERROR] ConditionMgr:805 - Attr not supported : Dmpu
2024-10-17 21:42:01,266 [ERROR] ConditionMgr:805 - Attr not supported : Dmpu
2024-10-17 21:42:01,267 [ERROR] ConditionMgr:805 - Attr not supported : Dmpu
2024-10-17 21:42:01,267 [ERROR] ConditionMgr:805 - Attr not supported : Dmpu
2024-10-17 21:42:01,267 [ERROR] ConditionMgr:805 - Attr not supported : Dmpu
2024-10-17 21:42:01,267 [ERROR] ConditionMgr:805 - Attr not supported : Dmpu
2024-10-17 21:42:01,268 [ERROR] ConditionMgr:805 - Attr not supported : Dmpu
2024-10-17 21:42:01,268 [ERROR] ConditionMgr:805 - Attr not supported : Dmpu
2024-10-17 21:42:01,268 [ERROR] ConditionMgr:805 - Attr not supported : Dmpu
2024-10-17 21:42:01,268 [ERROR] ConditionMgr:805 - Attr not supported : Dmpu
2024-10-17 21:42:01,269 [ERROR] ConditionMgr:805 - Attr not supported : Dmpu
2024-10-17 21:42:01,269 [ERROR] ConditionMgr:805 - Attr not supported : Dmpu
2024-10-17 21:42:01,269 [ERROR] ConditionMgr:805 - Attr not supported : Dmpu
2024-10-17 21:42:01,270 [ERROR] ConditionMgr:805 - Attr not supported : Dmpu
2024-10-17 21:42:01,270 [ERROR] ConditionMgr:805 - Attr not supported : Dmpu
2024-10-17 21:42:01,273 [ERROR] ConditionMgr:805 - Attr not supported : Dmpu
2024-10-17 21:42:01,274 [ERROR] ConditionMgr:805 - Attr not supported : Dmpu
2024-10-17 21:42:01,274 [ERROR] ConditionMgr:805 - Attr not supported : Dmpu
2024-10-17 21:42:01,275 [ERROR] ConditionMgr:805 - Attr not supported : Dmpu
2024-10-17 21:42:01,275 [ERROR] ConditionMgr:805 - Attr not supported : Dmpu
2024-10-17 21:42:01,275 [ERROR] ConditionMgr:805 - Attr not supported : Dmpu
2024-10-17 21:42:01,276 [ERROR] ConditionMgr:805 - Attr not supported : Dmpu
2024-10-17 21:42:01,276 [ERROR] ConditionMgr:805 - Attr not supported : Dmpu
2024-10-17 21:42:01,276 [ERROR] ConditionMgr:805 - Attr not supported : Dmpu
2024-10-17 21:42:01,276 [ERROR] ConditionMgr:805 - Attr not supported : Dmpu
2024-10-17 21:42:01,276 [ERROR] ConditionMgr:805 - Attr not supported : Dmpu
2024-10-17 21:42:01,277 [ERROR] ConditionMgr:805 - Attr not supported : Dmpu
2024-10-17 21:42:01,277 [ERROR] ConditionMgr:805 - Attr not supported : Dmpu
2024-10-17 21:42:01,277 [ERROR] ConditionMgr:805 - Attr not supported : Dmpu
2024-10-17 21:42:01,277 [ERROR] ConditionMgr:805 - Attr not supported : Dmpu
2024-10-17 21:42:01,277 [ERROR] ConditionMgr:805 - Attr not supported : Dmpu
2024-10-17 21:42:01,277 [ERROR] ConditionMgr:805 - Attr not supported : Dmpu
2024-10-17 21:42:01,277 [ERROR] ConditionMgr:805 - Attr not supported : Dmpu
2024-10-17 21:42:01,278 [ERROR] ConditionMgr:805 - Attr not supported : Dmpu
2024-10-17 21:42:01,278 [ERROR] ConditionMgr:805 - Attr not supported : Dmpu
2024-10-17 21:42:01,278 [ERROR] ConditionMgr:805 - Attr not supported : Dmpu
2024-10-17 21:42:01,287 [WARN] PackLoader:240 - Cannot read IP mode file for RealThread.X-CUBE-RT-Thread_Nano.4.1.1
2024-10-17 21:42:01,296 [WARN] PackLoader:240 - Cannot read IP mode file for wolfSSL.I-CUBE-wolfSSL.5.7.0
2024-10-17 21:42:01,305 [WARN] PackLoader:240 - Cannot read IP mode file for STMicroelectronics.FP-ATR-SIGFOX1.3.2.0
2024-10-17 21:42:01,321 [WARN] PackLoader:240 - Cannot read IP mode file for STMicroelectronics.X-CUBE-EEPRMA1.5.1.0
2024-10-17 21:42:01,337 [WARN] PackLoader:240 - Cannot read IP mode file for ITTIA_DB.I-CUBE-ITTIADB.8.9.0
2024-10-17 21:42:01,379 [INFO] WebApp:448 - Apply proxy settings
2024-10-17 21:42:01,380 [INFO] WebApp:533 - Chromium requires no authentication
2024-10-17 21:42:01,402 [INFO] WebApp:476 - Direct internet connection detected
2024-10-17 21:42:01,406 [WARN] PackLoader:240 - Cannot read IP mode file for SEGGER.I-CUBE-embOS.1.3.1
2024-10-17 21:42:01,482 [INFO] WebApp:869 - Register for checkConnection events
2024-10-17 21:42:01,483 [INFO] WebApp:448 - Apply proxy settings
2024-10-17 21:42:01,483 [INFO] WebApp:533 - Chromium requires no authentication
2024-10-17 21:42:01,484 [INFO] WebApp:476 - Direct internet connection detected
2024-10-17 21:42:01,496 [WARN] PackLoader:240 - Cannot read IP mode file for STMicroelectronics.X-CUBE-ALGOBUILD.1.4.0
2024-10-17 21:42:01,503 [WARN] PackLoader:240 - Cannot read IP mode file for STMicroelectronics.X-CUBE-AI.9.1.0
2024-10-17 21:42:01,514 [WARN] PackLoader:240 - Cannot read IP mode file for STMicroelectronics.X-CUBE-GNSS1.6.0.0
2024-10-17 21:42:01,550 [WARN] PackLoader:240 - Cannot read IP mode file for STMicroelectronics.X-CUBE-AZRTOS-F4.1.1.0
2024-10-17 21:42:01,566 [WARN] PackLoader:240 - Cannot read IP mode file for STMicroelectronics.X-CUBE-ISPU.2.1.0
2024-10-17 21:42:01,578 [WARN] PackLoader:240 - Cannot read IP mode file for STMicroelectronics.X-CUBE-FREERTOS.1.2.0
2024-10-17 21:42:01,606 [WARN] PackLoader:240 - Cannot read IP mode file for STMicroelectronics.X-CUBE-AZRTOS-L5.2.0.0
2024-10-17 21:42:01,628 [WARN] PackLoader:240 - Cannot read IP mode file for STMicroelectronics.X-CUBE-NFC6.3.1.0
2024-10-17 21:42:01,643 [WARN] PackLoader:240 - Cannot read IP mode file for STMicroelectronics.X-CUBE-DPower.1.2.0
2024-10-17 21:42:01,652 [WARN] PackLoader:240 - Cannot read IP mode file for STMicroelectronics.X-CUBE-AI.9.0.0
2024-10-17 21:42:01,665 [WARN] PackLoader:240 - Cannot read IP mode file for STMicroelectronics.X-CUBE-NFC7.1.0.1
2024-10-17 21:42:01,674 [WARN] PackLoader:240 - Cannot read IP mode file for wolfSSL.I-CUBE-wolfTPM.3.2.0
2024-10-17 21:42:01,703 [WARN] ConditionMgr:438 - getConditionDescription Invalid condition id : LAN8742 Phy interface Condition cause : null
2024-10-17 21:42:01,704 [WARN] PackLoader:240 - Cannot read IP mode file for STMicroelectronics.X-CUBE-AZRTOS-L4.2.0.0
2024-10-17 21:42:01,706 [WARN] ConditionMgr:1039 - genDependencies : Invalid condition id : LAN8742 Phy interface Condition cause : null
2024-10-17 21:42:01,706 [WARN] ConditionMgr:1039 - genDependencies : Invalid condition id : LAN8742 Phy interface Condition cause : null
2024-10-17 21:42:01,707 [WARN] ConditionMgr:1039 - genDependencies : Invalid condition id : LAN8742 Phy interface Condition cause : null
2024-10-17 21:42:01,731 [WARN] PackLoader:240 - Cannot read IP mode file for STMicroelectronics.X-CUBE-SFXS2LP1.4.0.0
2024-10-17 21:42:01,778 [WARN] PackLoader:240 - Cannot read IP mode file for STMicroelectronics.X-CUBE-AZRTOS-H7.3.3.0
2024-10-17 21:42:01,812 [WARN] PackLoader:240 - Cannot read IP mode file for STMicroelectronics.X-CUBE-IPS.3.0.0
2024-10-17 21:42:01,821 [INFO] WebApp:186 - Connection restablished
2024-10-17 21:42:01,856 [WARN] ConditionMgr:438 - getConditionDescription Invalid condition id : UX DEVICE CLASS RTOS Condition cause : null
2024-10-17 21:42:01,857 [WARN] ConditionMgr:438 - getConditionDescription Invalid condition id : UX DEVICE CLASS RTOS Condition cause : null
2024-10-17 21:42:01,865 [WARN] PackLoader:240 - Cannot read IP mode file for STMicroelectronics.X-CUBE-AZRTOS-WB.2.0.0
2024-10-17 21:42:01,866 [WARN] ConditionMgr:1039 - genDependencies : Invalid condition id : UX DEVICE CLASS RTOS Condition cause : null
2024-10-17 21:42:01,867 [WARN] ConditionMgr:1039 - genDependencies : Invalid condition id : UX DEVICE CLASS RTOS Condition cause : null
2024-10-17 21:42:01,868 [WARN] ConditionMgr:1039 - genDependencies : Invalid condition id : UX DEVICE CLASS RTOS Condition cause : null
2024-10-17 21:42:01,869 [WARN] ConditionMgr:1039 - genDependencies : Invalid condition id : UX DEVICE CLASS RTOS Condition cause : null
2024-10-17 21:42:01,870 [WARN] ConditionMgr:1039 - genDependencies : Invalid condition id : UX DEVICE CLASS RTOS Condition cause : null
2024-10-17 21:42:01,889 [WARN] PackLoader:240 - Cannot read IP mode file for STMicroelectronics.X-CUBE-GNSS1.7.0.0
2024-10-17 21:42:01,911 [WARN] PackLoader:240 - Cannot read IP mode file for STMicroelectronics.FP-SNS-STBOX1.2.0.0
2024-10-17 21:42:01,948 [WARN] PackLoader:240 - Cannot read IP mode file for STMicroelectronics.X-CUBE-SUBG2.5.0.0
2024-10-17 21:42:01,970 [WARN] PackLoader:240 - Cannot read IP mode file for Cesanta.I-CUBE-Mongoose.7.13.0
2024-10-17 21:42:02,013 [WARN] PackLoader:240 - Cannot read IP mode file for STMicroelectronics.X-CUBE-AZRTOS-G4.2.0.0
2024-10-17 21:42:02,027 [WARN] PackLoader:240 - Cannot read IP mode file for STMicroelectronics.X-CUBE-ISPU.2.0.0
2024-10-17 21:42:02,038 [WARN] PackLoader:240 - Cannot read IP mode file for STMicroelectronics.X-CUBE-ALS.1.0.2
2024-10-17 21:42:02,142 [WARN] PackLoader:240 - Cannot read IP mode file for STMicroelectronics.X-CUBE-MEMS1.10.0.0
2024-10-17 21:42:02,213 [INFO] WebApp:220 - Starting web application
2024-10-17 21:42:02,213 [INFO] WebApp:578 - Web application path used C:\ST\STM32CubeIDE_1.15.1\STM32CubeIDE\plugins\com.st.stm32cube.common.mx_6.12.1.202409122256\db\plugins\mcufinder\reactClient1\index.html
2024-10-17 21:42:02,391 [WARN] PackLoader:240 - Cannot read IP mode file for STMicroelectronics.X-CUBE-TOUCHGFX.4.24.0
2024-10-17 21:42:02,399 [WARN] PackLoader:240 - Cannot read IP mode file for STMicroelectronics.X-CUBE-TOUCHGFX.4.24.1
2024-10-17 21:42:02,411 [WARN] PackLoader:240 - Cannot read IP mode file for portGmbH.I-Cube-SoM-uGOAL.1.1.0
2024-10-17 21:42:02,420 [WARN] PackLoader:240 - Cannot read IP mode file for STMicroelectronics.X-CUBE-ALS.1.0.1
2024-10-17 21:42:02,459 [INFO] UserAuth:417 - Internet connection configuration mode: 1
2024-10-17 21:42:02,462 [WARN] PackLoader:240 - Cannot read IP mode file for STMicroelectronics.X-CUBE-AZRTOS-H7RS.1.0.0
2024-10-17 21:42:02,475 [WARN] PackLoader:240 - Cannot read IP mode file for STMicroelectronics.FP-ATR-ASTRA1.2.0.0
2024-10-17 21:42:02,501 [WARN] PackLoader:240 - Cannot read IP mode file for STMicroelectronics.X-CUBE-TOF1.3.4.2
2024-10-17 21:42:02,547 [WARN] PackLoader:240 - Cannot read IP mode file for STMicroelectronics.X-CUBE-TOF1.3.4.1
2024-10-17 21:42:02,601 [WARN] PackLoader:240 - Cannot read IP mode file for STMicroelectronics.X-CUBE-AZRTOS-H7.3.2.0
2024-10-17 21:42:02,637 [WARN] PackLoader:240 - Cannot read IP mode file for Infineon.AIROC-Wi-Fi-Bluetooth-STM32.1.6.0
2024-10-17 21:42:02,654 [WARN] PackLoader:240 - Cannot read IP mode file for wolfSSL.I-CUBE-wolfSSH.1.4.17
2024-10-17 21:42:02,656 [INFO] ThirdParty:978 - Integrity check success = true
2024-10-17 21:42:02,656 [INFO] IntegrityCheckThread:100 - exiting critical section [integrity check]
2024-10-17 21:42:02,656 [INFO] IntegrityCheckThread:103 - End integrity checks thread
2024-10-17 21:43:33,208 [ERROR] LogOutputStream:75 - [STDERR_REDIRECT] 
2024-10-17 22:01:30,117 [INFO] Activator:176 - 


2024-10-17 22:01:30,121 [INFO] Activator:177 - !SESSION log4j initialized
2024-10-17 22:01:39,141 [INFO] LogOutputStream:77 - [STDOUT_REDIRECT] 
